{"/Users/nakulamarvellio/Documents/Projects/Algorithms & Data Structures/SinglyLinkedList/LinkedList.js": {"path":"/Users/nakulamarvellio/Documents/Projects/Algorithms & Data Structures/SinglyLinkedList/LinkedList.js","statementMap":{"0":{"start":{"line":4,"column":8},"end":{"line":4,"column":24}},"1":{"start":{"line":5,"column":8},"end":{"line":5,"column":23}},"2":{"start":{"line":11,"column":24},"end":{"line":11,"column":59}},"3":{"start":{"line":13,"column":8},"end":{"line":13,"column":27}},"4":{"start":{"line":14,"column":8},"end":{"line":14,"column":21}},"5":{"start":{"line":20,"column":8},"end":{"line":20,"column":26}},"6":{"start":{"line":21,"column":8},"end":{"line":21,"column":24}},"7":{"start":{"line":25,"column":0},"end":{"line":25,"column":27}}},"fnMap":{"0":{"name":"(anonymous_0)","decl":{"start":{"line":3,"column":4},"end":{"line":3,"column":5}},"loc":{"start":{"line":3,"column":18},"end":{"line":6,"column":5}},"line":3},"1":{"name":"(anonymous_1)","decl":{"start":{"line":9,"column":4},"end":{"line":9,"column":5}},"loc":{"start":{"line":9,"column":23},"end":{"line":15,"column":5}},"line":9},"2":{"name":"(anonymous_2)","decl":{"start":{"line":19,"column":4},"end":{"line":19,"column":5}},"loc":{"start":{"line":19,"column":29},"end":{"line":22,"column":5}},"line":19}},"branchMap":{},"s":{"0":1,"1":1,"2":2,"3":2,"4":2,"5":2,"6":2,"7":1},"f":{"0":1,"1":2,"2":2},"b":{},"_coverageSchema":"1a1c01bbd47fc00a2c39e90264f33305004495a9","hash":"c90c152bceea20da252f81a72cd78d3c199867b6"}
}
