{"/Users/nakulamarvellio/Documents/Projects/Algorithms & Data Structures/SinglyLinkedList/LinkedList.js": {"path":"/Users/nakulamarvellio/Documents/Projects/Algorithms & Data Structures/SinglyLinkedList/LinkedList.js","statementMap":{"0":{"start":{"line":4,"column":8},"end":{"line":4,"column":24}},"1":{"start":{"line":5,"column":8},"end":{"line":5,"column":23}},"2":{"start":{"line":11,"column":24},"end":{"line":11,"column":59}},"3":{"start":{"line":13,"column":8},"end":{"line":13,"column":27}},"4":{"start":{"line":14,"column":8},"end":{"line":14,"column":21}},"5":{"start":{"line":18,"column":8},"end":{"line":18,"column":58}},"6":{"start":{"line":18,"column":47},"end":{"line":18,"column":58}},"7":{"start":{"line":21,"column":22},"end":{"line":21,"column":31}},"8":{"start":{"line":22,"column":8},"end":{"line":25,"column":9}},"9":{"start":{"line":22,"column":21},"end":{"line":22,"column":22}},"10":{"start":{"line":23,"column":12},"end":{"line":23,"column":34}},"11":{"start":{"line":26,"column":8},"end":{"line":26,"column":22}},"12":{"start":{"line":31,"column":21},"end":{"line":31,"column":23}},"13":{"start":{"line":32,"column":22},"end":{"line":32,"column":31}},"14":{"start":{"line":33,"column":8},"end":{"line":36,"column":9}},"15":{"start":{"line":34,"column":12},"end":{"line":34,"column":52}},"16":{"start":{"line":35,"column":12},"end":{"line":35,"column":34}},"17":{"start":{"line":37,"column":8},"end":{"line":37,"column":36}},"18":{"start":{"line":43,"column":8},"end":{"line":43,"column":26}},"19":{"start":{"line":44,"column":8},"end":{"line":44,"column":24}},"20":{"start":{"line":49,"column":0},"end":{"line":56,"column":1}},"21":{"start":{"line":50,"column":15},"end":{"line":50,"column":31}},"22":{"start":{"line":52,"column":4},"end":{"line":54,"column":5}},"23":{"start":{"line":52,"column":16},"end":{"line":52,"column":32}},"24":{"start":{"line":53,"column":8},"end":{"line":53,"column":34}},"25":{"start":{"line":55,"column":4},"end":{"line":55,"column":13}},"26":{"start":{"line":58,"column":0},"end":{"line":58,"column":27}}},"fnMap":{"0":{"name":"(anonymous_0)","decl":{"start":{"line":3,"column":4},"end":{"line":3,"column":5}},"loc":{"start":{"line":3,"column":18},"end":{"line":6,"column":5}},"line":3},"1":{"name":"(anonymous_1)","decl":{"start":{"line":9,"column":4},"end":{"line":9,"column":5}},"loc":{"start":{"line":9,"column":23},"end":{"line":15,"column":5}},"line":9},"2":{"name":"(anonymous_2)","decl":{"start":{"line":17,"column":4},"end":{"line":17,"column":5}},"loc":{"start":{"line":17,"column":22},"end":{"line":27,"column":5}},"line":17},"3":{"name":"(anonymous_3)","decl":{"start":{"line":30,"column":4},"end":{"line":30,"column":5}},"loc":{"start":{"line":30,"column":12},"end":{"line":38,"column":5}},"line":30},"4":{"name":"(anonymous_4)","decl":{"start":{"line":42,"column":4},"end":{"line":42,"column":5}},"loc":{"start":{"line":42,"column":29},"end":{"line":45,"column":5}},"line":42},"5":{"name":"(anonymous_5)","decl":{"start":{"line":49,"column":24},"end":{"line":49,"column":25}},"loc":{"start":{"line":49,"column":44},"end":{"line":56,"column":1}},"line":49}},"branchMap":{"0":{"loc":{"start":{"line":18,"column":8},"end":{"line":18,"column":58}},"type":"if","locations":[{"start":{"line":18,"column":8},"end":{"line":18,"column":58}},{"start":{"line":18,"column":8},"end":{"line":18,"column":58}}],"line":18},"1":{"loc":{"start":{"line":18,"column":12},"end":{"line":18,"column":45}},"type":"binary-expr","locations":[{"start":{"line":18,"column":12},"end":{"line":18,"column":21}},{"start":{"line":18,"column":25},"end":{"line":18,"column":45}}],"line":18}},"s":{"0":9,"1":9,"2":22,"3":22,"4":22,"5":4,"6":2,"7":2,"8":2,"9":2,"10":2,"11":2,"12":0,"13":0,"14":0,"15":0,"16":0,"17":0,"18":22,"19":22,"20":1,"21":8,"22":8,"23":8,"24":20,"25":8,"26":1},"f":{"0":9,"1":22,"2":4,"3":0,"4":22,"5":8},"b":{"0":[2,2],"1":[4,3]},"_coverageSchema":"1a1c01bbd47fc00a2c39e90264f33305004495a9","hash":"dd0d4cfb651ab0e6ebe07fd8edc6c4f18e4e8524"}
}
