TN:
SF:LinkedList.js
FN:3,(anonymous_0)
FN:9,(anonymous_1)
FN:17,(anonymous_2)
FN:30,(anonymous_3)
FN:37,(anonymous_4)
FN:49,(anonymous_5)
FN:61,(anonymous_6)
FN:68,(anonymous_7)
FNF:8
FNH:7
FNDA:14,(anonymous_0)
FNDA:37,(anonymous_1)
FNDA:10,(anonymous_2)
FNDA:1,(anonymous_3)
FNDA:5,(anonymous_4)
FNDA:0,(anonymous_5)
FNDA:39,(anonymous_6)
FNDA:13,(anonymous_7)
DA:4,14
DA:5,14
DA:11,37
DA:13,37
DA:14,37
DA:18,10
DA:21,6
DA:22,6
DA:23,7
DA:26,6
DA:32,1
DA:33,1
DA:38,5
DA:40,4
DA:41,4
DA:44,2
DA:45,2
DA:50,0
DA:51,0
DA:52,0
DA:53,0
DA:54,0
DA:56,0
DA:62,39
DA:63,39
DA:68,1
DA:69,13
DA:71,13
DA:72,34
DA:74,13
DA:77,1
LF:31
LH:25
BRDA:18,0,0,4
BRDA:18,0,1,6
BRDA:18,1,0,10
BRDA:18,1,1,8
BRDA:38,2,0,1
BRDA:38,2,1,4
BRDA:41,3,0,2
BRDA:41,3,1,2
BRF:8
BRH:8
end_of_record
